2022-05-15 18:00:01 ~ 2022-05-15 19:06:45 
2022-05-22 18:00:01 ~ 2022-05-22 19:00:47 
2022-05-29 18:00:01 ~ 2022-05-29 18:58:45 
2022-06-05 18:00:01 ~ 2022-06-05 18:56:28 
2022-06-12 18:00:01 ~ 2022-06-12 19:01:39 
2022-06-19 18:00:01 ~ 2022-06-19 18:59:55 
2022-06-26 18:00:01 ~ 2022-06-26 18:57:32 
2022-07-03 18:00:01 ~ 2022-07-03 19:15:24 
2022-07-10 18:00:01 ~ 2022-07-10 18:56:56 
2022-07-17 18:00:01 ~ 2022-07-17 19:05:06 
2022-07-24 18:00:01 ~ 2022-07-24 19:04:16 
2022-07-31 18:00:01 ~
2022-08-07 18:00:01 ~ 
2022-08-14 18:00:01 ~ 
2022-08-21 18:00:01 ~ 
2022-08-28 18:00:01 ~ 
2022-09-04 18:00:01 ~ 
2022-09-11 18:00:01 ~ 
2022-09-18 18:00:01 ~ 
2022-09-25 18:00:01 ~ 
2022-10-02 18:00:01 ~ 
2022-10-09 18:00:01 ~ 
2022-10-13 08:29:05 ~ 2022-10-13 08:29:06 
2022-10-13 08:39:29 ~ 2022-10-13 08:39:31 
2022-10-13 08:41:10 ~ 2022-10-13 08:44:18 ~ 2022-10-13 08:46:57 ~ 2022-10-13 08:50:41 ~ 2022-10-13 08:50:42 
2022-10-13 08:51:06 ~ 2022-10-13 10:47:55 
2022-10-16 18:00:01 ~ 2022-10-16 19:52:57 
2022-10-17 08:48:24 ~ 2022-10-17 08:49:26 ~ 2022-10-17 10:49:17 
2022-10-23 18:00:01 ~ 2022-10-23 19:53:20 
2022-10-30 18:00:01 ~ 2022-10-30 20:22:55 
2022-10-31 14:10:00 ~ 2022-10-31 14:10:02 
